[debug] [2019-12-22T23:01:28.935Z] ----------------------------------------------------------------------
[debug] [2019-12-22T23:01:28.937Z] Command:       C:\Program Files\nodejs\node.exe C:\Users\Vagarth Gaurav\AppData\Roaming\npm\node_modules\firebase-tools\lib\bin\firebase.js deploy --only hosting:rmp-trainer
[debug] [2019-12-22T23:01:28.937Z] CLI Version:   7.11.0
[debug] [2019-12-22T23:01:28.937Z] Platform:      win32
[debug] [2019-12-22T23:01:28.937Z] Node Version:  v12.13.0
[debug] [2019-12-22T23:01:28.938Z] Time:          Mon Dec 23 2019 00:01:28 GMT+0100 (Central European Standard Time)
[debug] [2019-12-22T23:01:28.938Z] ----------------------------------------------------------------------
[debug] [2019-12-22T23:01:28.938Z] 
[debug] [2019-12-22T23:01:28.949Z] > command requires scopes: ["email","openid","https://www.googleapis.com/auth/cloudplatformprojects.readonly","https://www.googleapis.com/auth/firebase","https://www.googleapis.com/auth/cloud-platform"]
[debug] [2019-12-22T23:01:28.950Z] > authorizing via signed-in user
[debug] [2019-12-22T23:01:28.950Z] [iam] checking project recupmespoints-59fbd for permissions ["firebase.projects.get","firebasehosting.sites.update"]
[debug] [2019-12-22T23:01:28.952Z] >>> HTTP REQUEST POST https://cloudresourcemanager.googleapis.com/v1/projects/recupmespoints-59fbd:testIamPermissions  

[debug] [2019-12-22T23:01:30.523Z] <<< HTTP RESPONSE 200
[debug] [2019-12-22T23:01:30.525Z] >>> HTTP REQUEST GET https://firebase.googleapis.com/v1beta1/projects/recupmespoints-59fbd  
 
[debug] [2019-12-22T23:01:32.005Z] <<< HTTP RESPONSE 200
[info] 
[info] === Deploying to 'recupmespoints-59fbd'...
[info] 
[info] i  deploying hosting
[info] 
[info] +  Deploy complete!
[info] 
[info] Project Console: https://console.firebase.google.com/project/recupmespoints-59fbd/overview
[debug] [2019-12-22T23:01:34.173Z] TypeError: Cannot read property 'deploys' of undefined
    at C:\Users\Vagarth Gaurav\AppData\Roaming\npm\node_modules\firebase-tools\lib\deploy\index.js:84:36
    at processTicksAndRejections (internal/process/task_queues.js:93:5)
[error] 
[error] Error: An unexpected error has occurred.
[debug] [2019-12-22T23:01:54.567Z] ----------------------------------------------------------------------
[debug] [2019-12-22T23:01:54.569Z] Command:       C:\Program Files\nodejs\node.exe C:\Users\Vagarth Gaurav\AppData\Roaming\npm\node_modules\firebase-tools\lib\bin\firebase.js deploy --only hosting:rmp-trainer
[debug] [2019-12-22T23:01:54.569Z] CLI Version:   7.11.0
[debug] [2019-12-22T23:01:54.569Z] Platform:      win32
[debug] [2019-12-22T23:01:54.569Z] Node Version:  v12.13.0
[debug] [2019-12-22T23:01:54.570Z] Time:          Mon Dec 23 2019 00:01:54 GMT+0100 (Central European Standard Time)
[debug] [2019-12-22T23:01:54.570Z] ----------------------------------------------------------------------
[debug] [2019-12-22T23:01:54.570Z] 
[debug] [2019-12-22T23:01:54.584Z] > command requires scopes: ["email","openid","https://www.googleapis.com/auth/cloudplatformprojects.readonly","https://www.googleapis.com/auth/firebase","https://www.googleapis.com/auth/cloud-platform"]
[debug] [2019-12-22T23:01:54.584Z] > authorizing via signed-in user
[debug] [2019-12-22T23:01:54.585Z] [iam] checking project recupmespoints-59fbd for permissions ["firebase.projects.get","firebasehosting.sites.update"]
[debug] [2019-12-22T23:01:54.586Z] >>> HTTP REQUEST POST https://cloudresourcemanager.googleapis.com/v1/projects/recupmespoints-59fbd:testIamPermissions  

[debug] [2019-12-22T23:01:55.860Z] <<< HTTP RESPONSE 200
[debug] [2019-12-22T23:01:55.866Z] >>> HTTP REQUEST GET https://firebase.googleapis.com/v1beta1/projects/recupmespoints-59fbd  
 
[debug] [2019-12-22T23:01:56.705Z] <<< HTTP RESPONSE 200
[info] 
[info] === Deploying to 'recupmespoints-59fbd'...
[info] 
[info] i  deploying hosting
[debug] [2019-12-22T23:01:56.804Z] >>> HTTP REQUEST POST https://firebasehosting.googleapis.com/v1beta1/sites/rmp-trainer/versions  

